e:\all\flower\侧面\profile\profile\debug\vc120.pdb
e:\all\flower\侧面\profile\profile\debug\profile.obj
e:\all\flower\侧面\profile\profile\debug\mymeshfit.obj
e:\all\flower\侧面\profile\profile\debug\mylabel.obj
e:\all\flower\侧面\profile\profile\debug\mygl.obj
e:\all\flower\侧面\profile\profile\debug\model.obj
e:\all\flower\侧面\profile\profile\debug\matrix.obj
e:\all\flower\侧面\profile\profile\debug\main.obj
e:\all\flower\侧面\profile\profile\debug\global.obj
e:\all\flower\侧面\profile\profile\debug\moc_profile.obj
e:\all\flower\侧面\profile\profile\debug\fittingcurve.obj
e:\all\flower\侧面\profile\profile\debug\qrc_profile.obj
e:\all\flower\侧面\profile\profile\generatedfiles\debug\moc_profile.cpp
e:\all\flower\侧面\profile\profile\generatedfiles\ui_profile.h
e:\all\flower\侧面\profile\profile\generatedfiles\qrc_profile.cpp
e:\all\flower\侧面\profile\win32\debug\profile.ilk
e:\all\flower\侧面\profile\win32\debug\profile.exe
e:\all\flower\侧面\profile\win32\debug\profile.pdb
e:\all\flower\侧面\profile\profile\debug\profile.tlog\cl.command.1.tlog
e:\all\flower\侧面\profile\profile\debug\profile.tlog\cl.read.1.tlog
e:\all\flower\侧面\profile\profile\debug\profile.tlog\cl.write.1.tlog
e:\all\flower\侧面\profile\profile\debug\profile.tlog\custombuild.command.1.tlog
e:\all\flower\侧面\profile\profile\debug\profile.tlog\custombuild.read.1.tlog
e:\all\flower\侧面\profile\profile\debug\profile.tlog\custombuild.write.1.tlog
e:\all\flower\侧面\profile\profile\debug\profile.tlog\link.command.1.tlog
e:\all\flower\侧面\profile\profile\debug\profile.tlog\link.read.1.tlog
e:\all\flower\侧面\profile\profile\debug\profile.tlog\link.write.1.tlog
