生成启动时间为 2016/4/8 星期五 下午 4:08:44。
     1>项目“E:\all\flower\侧面\profile\profile\profile.vcxproj”在节点 2 上(Build 个目标)。
     1>C:\Program Files\MSBuild\Microsoft.Cpp\v4.0\V120\Microsoft.CppBuild.targets(935,5): warning MSB8027: Two or more files with the name of moc_profile.cpp will produce outputs to the same location. This can lead to an incorrect build result.  The files involved are GeneratedFiles\Debug\moc_profile.cpp, GeneratedFiles\Release\moc_profile.cpp.
     1>ClCompile:
         C:\Program Files\Microsoft Visual Studio 12.0\VC\bin\CL.exe /c /I.\GeneratedFiles /I. /ID:\tools\Qt\Qt5.5.1\5.5\msvc2013\include /I.\GeneratedFiles\Debug /ID:\tools\Qt\Qt5.5.1\5.5\msvc2013\include\QtCore /ID:\tools\Qt\Qt5.5.1\5.5\msvc2013\include\QtGui /ID:\tools\Qt\Qt5.5.1\5.5\msvc2013\include\QtOpenGL /ID:\tools\Qt\Qt5.5.1\5.5\msvc2013\include\QtWidgets /Zi /nologo /W1 /WX- /Od /Oy- /D UNICODE /D WIN32 /D WIN64 /D QT_DLL /D QT_CORE_LIB /D QT_GUI_LIB /D QT_OPENGL_LIB /D QT_WIDGETS_LIB /D _USE_MATH_DEFINES /Gm- /EHsc /MDd /GS /fp:precise /Zc:wchar_t /Zc:forScope /Fo"Debug\\" /Fd"Debug\vc120.pdb" /Gd /TP /analyze- /errorReport:prompt model.cpp
         model.cpp
       Link:
         C:\Program Files\Microsoft Visual Studio 12.0\VC\bin\link.exe /ERRORREPORT:PROMPT /OUT:"E:\all\flower\侧面\profile\Win32\Debug\\profile.exe" /NOLOGO /LIBPATH:D:\tools\Qt\Qt5.5.1\5.5\msvc2013\lib qtmaind.lib Qt5Cored.lib Qt5Guid.lib Qt5OpenGLd.lib opengl32.lib glu32.lib Qt5Widgetsd.lib opencv_ml2410d.lib opencv_calib3d2410d.lib opencv_contrib2410d.lib opencv_core2410d.lib opencv_features2d2410d.lib opencv_flann2410d.lib opencv_gpu2410d.lib opencv_highgui2410d.lib opencv_imgproc2410d.lib opencv_legacy2410d.lib opencv_objdetect2410d.lib opencv_ts2410d.lib opencv_video2410d.lib opencv_nonfree2410d.lib opencv_ocl2410d.lib opencv_photo2410d.lib opencv_stitching2410d.lib opencv_superres2410d.lib opencv_videostab2410d.lib OpenMeshCored.lib OpenMeshToolsd.lib kernel32.lib user32.lib gdi32.lib winspool.lib comdlg32.lib advapi32.lib shell32.lib ole32.lib oleaut32.lib uuid.lib odbc32.lib odbccp32.lib /MANIFEST /MANIFESTUAC:"level='asInvoker' uiAccess='false'" /manifest:embed /DEBUG /PDB:"E:\all\flower\侧面\profile\Win32\Debug\profile.pdb" /SUBSYSTEM:CONSOLE /TLBID:1 /DYNAMICBASE /NXCOMPAT /IMPLIB:"E:\all\flower\侧面\profile\Win32\Debug\profile.lib" /MACHINE:X86 /SAFESEH Debug\FittingCurve.obj
         Debug\moc_profile.obj
         Debug\qrc_profile.obj
         Debug\global.obj
         Debug\main.obj
         Debug\matrix.obj
         Debug\model.obj
         Debug\MyGL.obj
         Debug\MyLabel.obj
         Debug\MymeshFit.obj
         Debug\profile.obj
         profile.vcxproj -> E:\all\flower\侧面\profile\Win32\Debug\profile.exe
     1>已完成生成项目“E:\all\flower\侧面\profile\profile\profile.vcxproj”(Build 个目标)的操作。

生成成功。

已用时间 00:00:05.51
